[2024-11-28 16:59:48,094: INFO: main: custom logger]
[2024-11-28 18:36:14,480: INFO: main: >>>>>> stage Data Ingestion Stage started <<<<<<]
[2024-11-28 18:36:14,480: INFO: common: yaml file: config\config.yaml loaded successfully]
[2024-11-28 18:36:14,480: INFO: common: yaml file: params.yaml loaded successfully]
[2024-11-28 18:36:14,490: INFO: common: created directory at: artifacts]
[2024-11-28 18:36:14,490: INFO: common: created directory at: artifacts/data_ingestion]
[2024-11-28 18:36:14,490: INFO: data_ingestion: Downloading data from https://drive.google.com/file/d/1vlhZ5c7abUKF8xXERIw6m9Te8fW7ohw3/view?usp=sharing into file artifacts/data_ingestion/data.zip]
[2024-11-28 18:36:30,506: INFO: data_ingestion: Downloaded data from https://drive.google.com/file/d/1vlhZ5c7abUKF8xXERIw6m9Te8fW7ohw3/view?usp=sharing into file artifacts/data_ingestion/data.zip]
[2024-11-28 18:36:31,026: INFO: main: >>>>>> stage Data Ingestion Stage completed <<<<<<

x==========x]
[2024-11-28 19:08:52,283: INFO: common: yaml file: config\config.yaml loaded successfully]
[2024-11-28 19:08:52,287: INFO: common: yaml file: params.yaml loaded successfully]
[2024-11-28 19:08:52,289: INFO: common: created directory at: artifacts]
[2024-11-28 19:08:52,290: INFO: common: created directory at: artifacts/prepare_base_model]
[2024-11-28 19:09:09,557: WARNING: saving_utils: Compiled the loaded model, but the compiled metrics have yet to be built. `model.compile_metrics` will be empty until you train or evaluate the model.]
[2024-11-28 21:56:49,117: INFO: main: >>>>>> stage Data Ingestion Stage started <<<<<<]
[2024-11-28 21:56:49,117: INFO: common: yaml file: config\config.yaml loaded successfully]
[2024-11-28 21:56:49,117: INFO: common: yaml file: params.yaml loaded successfully]
[2024-11-28 21:56:49,117: INFO: common: created directory at: artifacts]
[2024-11-28 21:56:49,117: ERROR: main: 'ConfigurationManager' object has no attribute 'get_data_ingestion_config']
Traceback (most recent call last):
  File "main.py", line 11, in <module>
    obj.main()
  File "d:\pythonweb\image_classification\kidney-disease-classification-mlflow-\src\cnnClassifier\pipeline\stage_01_data_ingestion.py", line 14, in main
    data_ingestion_config = config.get_data_ingestion_config()
AttributeError: 'ConfigurationManager' object has no attribute 'get_data_ingestion_config'
[2024-11-28 21:59:58,345: INFO: main: >>>>>> stage Data Ingestion Stage started <<<<<<]
[2024-11-28 21:59:58,347: INFO: common: yaml file: config\config.yaml loaded successfully]
[2024-11-28 21:59:58,350: INFO: common: yaml file: params.yaml loaded successfully]
[2024-11-28 21:59:58,350: INFO: common: created directory at: artifacts]
[2024-11-28 21:59:58,350: INFO: common: created directory at: artifacts/data_ingestion]
[2024-11-28 21:59:58,351: INFO: data_ingestion: Downloading data from https://drive.google.com/file/d/1vlhZ5c7abUKF8xXERIw6m9Te8fW7ohw3/view?usp=sharing into file artifacts/data_ingestion/data.zip]
[2024-11-28 22:00:13,865: INFO: data_ingestion: Downloaded data from https://drive.google.com/file/d/1vlhZ5c7abUKF8xXERIw6m9Te8fW7ohw3/view?usp=sharing into file artifacts/data_ingestion/data.zip]
[2024-11-28 22:00:14,483: INFO: main: >>>>>> stage Data Ingestion Stage completed <<<<<<

x==========x]
[2024-11-28 22:00:14,483: INFO: main: *******************]
[2024-11-28 22:00:14,483: INFO: main: >>>>>> stage Prepare base model started <<<<<<]
[2024-11-28 22:00:14,493: INFO: common: yaml file: config\config.yaml loaded successfully]
[2024-11-28 22:00:14,493: INFO: common: yaml file: params.yaml loaded successfully]
[2024-11-28 22:00:14,493: INFO: common: created directory at: artifacts]
[2024-11-28 22:00:14,497: INFO: common: created directory at: artifacts/prepare_base_model]
[2024-11-28 22:00:15,067: WARNING: saving_utils: Compiled the loaded model, but the compiled metrics have yet to be built. `model.compile_metrics` will be empty until you train or evaluate the model.]
[2024-11-28 22:00:15,484: INFO: main: >>>>>> stage Prepare base model completed <<<<<<

x==========x]
